2025-02-11 14:18:34,320 [Worker-2: Loading available Gradle versions] INFO  o.e.b.c.i.u.g.PublishedGradleVersions - Gradle version information cache is not available. Remote download required.
2025-02-11 14:22:23,530 [Worker-1: Loading available Gradle versions] INFO  o.e.b.c.i.u.g.PublishedGradleVersions - Gradle version information cache is up-to-date. Trying to read.
2025-02-11 14:22:59,291 [Worker-10: Launching mavenrun-4a04ad0c-4480-4013-a633-c9ac0c155c66] INFO  o.eclipse.m2e.core.internal.Bundles - getClasspathEntries(Bundle=org.eclipse.m2e.maven.runtime_3.9.900.20240824-1409 [364])
2025-02-11 14:22:59,294 [Worker-10: Launching mavenrun-4a04ad0c-4480-4013-a633-c9ac0c155c66] INFO  o.eclipse.m2e.core.internal.Bundles - 	Entry: C:\Users\Wissen\STS\sts-4.27.0.RELEASE\plugins\org.eclipse.m2e.maven.runtime_3.9.900.20240824-1409
2025-02-11 14:22:59,296 [Worker-10: Launching mavenrun-4a04ad0c-4480-4013-a633-c9ac0c155c66] INFO  o.eclipse.m2e.core.internal.Bundles - 	Entry: C:\Users\Wissen\STS\sts-4.27.0.RELEASE\plugins\org.eclipse.m2e.maven.runtime_3.9.900.20240824-1409\jars\aopalliance-1.0.jar
2025-02-11 14:22:59,297 [Worker-10: Launching mavenrun-4a04ad0c-4480-4013-a633-c9ac0c155c66] INFO  o.eclipse.m2e.core.internal.Bundles - 	Entry: C:\Users\Wissen\STS\sts-4.27.0.RELEASE\plugins\org.eclipse.m2e.maven.runtime_3.9.900.20240824-1409\jars\guice-5.1.0.jar
2025-02-11 14:22:59,297 [Worker-10: Launching mavenrun-4a04ad0c-4480-4013-a633-c9ac0c155c66] INFO  o.eclipse.m2e.core.internal.Bundles - 	Entry: C:\Users\Wissen\STS\sts-4.27.0.RELEASE\plugins\org.eclipse.m2e.maven.runtime_3.9.900.20240824-1409\jars\httpclient-4.5.14.jar
2025-02-11 14:22:59,297 [Worker-10: Launching mavenrun-4a04ad0c-4480-4013-a633-c9ac0c155c66] INFO  o.eclipse.m2e.core.internal.Bundles - 	Entry: C:\Users\Wissen\STS\sts-4.27.0.RELEASE\plugins\org.eclipse.m2e.maven.runtime_3.9.900.20240824-1409\jars\httpcore-4.4.16.jar
2025-02-11 14:22:59,297 [Worker-10: Launching mavenrun-4a04ad0c-4480-4013-a633-c9ac0c155c66] INFO  o.eclipse.m2e.core.internal.Bundles - 	Entry: C:\Users\Wissen\STS\sts-4.27.0.RELEASE\plugins\org.eclipse.m2e.maven.runtime_3.9.900.20240824-1409\jars\jansi-2.4.1.jar
2025-02-11 14:22:59,297 [Worker-10: Launching mavenrun-4a04ad0c-4480-4013-a633-c9ac0c155c66] INFO  o.eclipse.m2e.core.internal.Bundles - 	Entry: C:\Users\Wissen\STS\sts-4.27.0.RELEASE\plugins\org.eclipse.m2e.maven.runtime_3.9.900.20240824-1409\jars\jcl-over-slf4j-1.7.36.jar
2025-02-11 14:22:59,297 [Worker-10: Launching mavenrun-4a04ad0c-4480-4013-a633-c9ac0c155c66] INFO  o.eclipse.m2e.core.internal.Bundles - 	Entry: C:\Users\Wissen\STS\sts-4.27.0.RELEASE\plugins\org.eclipse.m2e.maven.runtime_3.9.900.20240824-1409\jars\maven-artifact-3.9.9.jar
2025-02-11 14:22:59,297 [Worker-10: Launching mavenrun-4a04ad0c-4480-4013-a633-c9ac0c155c66] INFO  o.eclipse.m2e.core.internal.Bundles - 	Entry: C:\Users\Wissen\STS\sts-4.27.0.RELEASE\plugins\org.eclipse.m2e.maven.runtime_3.9.900.20240824-1409\jars\maven-builder-support-3.9.9.jar
2025-02-11 14:22:59,297 [Worker-10: Launching mavenrun-4a04ad0c-4480-4013-a633-c9ac0c155c66] INFO  o.eclipse.m2e.core.internal.Bundles - 	Entry: C:\Users\Wissen\STS\sts-4.27.0.RELEASE\plugins\org.eclipse.m2e.maven.runtime_3.9.900.20240824-1409\jars\maven-compat-3.9.9.jar
2025-02-11 14:22:59,298 [Worker-10: Launching mavenrun-4a04ad0c-4480-4013-a633-c9ac0c155c66] INFO  o.eclipse.m2e.core.internal.Bundles - 	Entry: C:\Users\Wissen\STS\sts-4.27.0.RELEASE\plugins\org.eclipse.m2e.maven.runtime_3.9.900.20240824-1409\jars\maven-core-3.9.9.jar
2025-02-11 14:22:59,298 [Worker-10: Launching mavenrun-4a04ad0c-4480-4013-a633-c9ac0c155c66] INFO  o.eclipse.m2e.core.internal.Bundles - 	Entry: C:\Users\Wissen\STS\sts-4.27.0.RELEASE\plugins\org.eclipse.m2e.maven.runtime_3.9.900.20240824-1409\jars\maven-embedder-3.9.9.jar
2025-02-11 14:22:59,298 [Worker-10: Launching mavenrun-4a04ad0c-4480-4013-a633-c9ac0c155c66] INFO  o.eclipse.m2e.core.internal.Bundles - 	Entry: C:\Users\Wissen\STS\sts-4.27.0.RELEASE\plugins\org.eclipse.m2e.maven.runtime_3.9.900.20240824-1409\jars\maven-model-3.9.9.jar
2025-02-11 14:22:59,298 [Worker-10: Launching mavenrun-4a04ad0c-4480-4013-a633-c9ac0c155c66] INFO  o.eclipse.m2e.core.internal.Bundles - 	Entry: C:\Users\Wissen\STS\sts-4.27.0.RELEASE\plugins\org.eclipse.m2e.maven.runtime_3.9.900.20240824-1409\jars\maven-model-builder-3.9.9.jar
2025-02-11 14:22:59,298 [Worker-10: Launching mavenrun-4a04ad0c-4480-4013-a633-c9ac0c155c66] INFO  o.eclipse.m2e.core.internal.Bundles - 	Entry: C:\Users\Wissen\STS\sts-4.27.0.RELEASE\plugins\org.eclipse.m2e.maven.runtime_3.9.900.20240824-1409\jars\maven-plugin-api-3.9.9.jar
2025-02-11 14:22:59,299 [Worker-10: Launching mavenrun-4a04ad0c-4480-4013-a633-c9ac0c155c66] INFO  o.eclipse.m2e.core.internal.Bundles - 	Entry: C:\Users\Wissen\STS\sts-4.27.0.RELEASE\plugins\org.eclipse.m2e.maven.runtime_3.9.900.20240824-1409\jars\maven-repository-metadata-3.9.9.jar
2025-02-11 14:22:59,299 [Worker-10: Launching mavenrun-4a04ad0c-4480-4013-a633-c9ac0c155c66] INFO  o.eclipse.m2e.core.internal.Bundles - 	Entry: C:\Users\Wissen\STS\sts-4.27.0.RELEASE\plugins\org.eclipse.m2e.maven.runtime_3.9.900.20240824-1409\jars\maven-resolver-api-1.9.22.jar
2025-02-11 14:22:59,299 [Worker-10: Launching mavenrun-4a04ad0c-4480-4013-a633-c9ac0c155c66] INFO  o.eclipse.m2e.core.internal.Bundles - 	Entry: C:\Users\Wissen\STS\sts-4.27.0.RELEASE\plugins\org.eclipse.m2e.maven.runtime_3.9.900.20240824-1409\jars\maven-resolver-connector-basic-1.9.22.jar
2025-02-11 14:22:59,299 [Worker-10: Launching mavenrun-4a04ad0c-4480-4013-a633-c9ac0c155c66] INFO  o.eclipse.m2e.core.internal.Bundles - 	Entry: C:\Users\Wissen\STS\sts-4.27.0.RELEASE\plugins\org.eclipse.m2e.maven.runtime_3.9.900.20240824-1409\jars\maven-resolver-impl-1.9.22.jar
2025-02-11 14:22:59,299 [Worker-10: Launching mavenrun-4a04ad0c-4480-4013-a633-c9ac0c155c66] INFO  o.eclipse.m2e.core.internal.Bundles - 	Entry: C:\Users\Wissen\STS\sts-4.27.0.RELEASE\plugins\org.eclipse.m2e.maven.runtime_3.9.900.20240824-1409\jars\maven-resolver-named-locks-1.9.22.jar
2025-02-11 14:22:59,300 [Worker-10: Launching mavenrun-4a04ad0c-4480-4013-a633-c9ac0c155c66] INFO  o.eclipse.m2e.core.internal.Bundles - 	Entry: C:\Users\Wissen\STS\sts-4.27.0.RELEASE\plugins\org.eclipse.m2e.maven.runtime_3.9.900.20240824-1409\jars\maven-resolver-provider-3.9.9.jar
2025-02-11 14:22:59,300 [Worker-10: Launching mavenrun-4a04ad0c-4480-4013-a633-c9ac0c155c66] INFO  o.eclipse.m2e.core.internal.Bundles - 	Entry: C:\Users\Wissen\STS\sts-4.27.0.RELEASE\plugins\org.eclipse.m2e.maven.runtime_3.9.900.20240824-1409\jars\maven-resolver-spi-1.9.22.jar
2025-02-11 14:22:59,300 [Worker-10: Launching mavenrun-4a04ad0c-4480-4013-a633-c9ac0c155c66] INFO  o.eclipse.m2e.core.internal.Bundles - 	Entry: C:\Users\Wissen\STS\sts-4.27.0.RELEASE\plugins\org.eclipse.m2e.maven.runtime_3.9.900.20240824-1409\jars\maven-resolver-transport-file-1.9.22.jar
2025-02-11 14:22:59,301 [Worker-10: Launching mavenrun-4a04ad0c-4480-4013-a633-c9ac0c155c66] INFO  o.eclipse.m2e.core.internal.Bundles - 	Entry: C:\Users\Wissen\STS\sts-4.27.0.RELEASE\plugins\org.eclipse.m2e.maven.runtime_3.9.900.20240824-1409\jars\maven-resolver-transport-http-1.9.22.jar
2025-02-11 14:22:59,301 [Worker-10: Launching mavenrun-4a04ad0c-4480-4013-a633-c9ac0c155c66] INFO  o.eclipse.m2e.core.internal.Bundles - 	Entry: C:\Users\Wissen\STS\sts-4.27.0.RELEASE\plugins\org.eclipse.m2e.maven.runtime_3.9.900.20240824-1409\jars\maven-resolver-transport-wagon-1.9.22.jar
2025-02-11 14:22:59,301 [Worker-10: Launching mavenrun-4a04ad0c-4480-4013-a633-c9ac0c155c66] INFO  o.eclipse.m2e.core.internal.Bundles - 	Entry: C:\Users\Wissen\STS\sts-4.27.0.RELEASE\plugins\org.eclipse.m2e.maven.runtime_3.9.900.20240824-1409\jars\maven-resolver-util-1.9.22.jar
2025-02-11 14:22:59,301 [Worker-10: Launching mavenrun-4a04ad0c-4480-4013-a633-c9ac0c155c66] INFO  o.eclipse.m2e.core.internal.Bundles - 	Entry: C:\Users\Wissen\STS\sts-4.27.0.RELEASE\plugins\org.eclipse.m2e.maven.runtime_3.9.900.20240824-1409\jars\maven-settings-3.9.9.jar
2025-02-11 14:22:59,301 [Worker-10: Launching mavenrun-4a04ad0c-4480-4013-a633-c9ac0c155c66] INFO  o.eclipse.m2e.core.internal.Bundles - 	Entry: C:\Users\Wissen\STS\sts-4.27.0.RELEASE\plugins\org.eclipse.m2e.maven.runtime_3.9.900.20240824-1409\jars\maven-settings-builder-3.9.9.jar
2025-02-11 14:22:59,301 [Worker-10: Launching mavenrun-4a04ad0c-4480-4013-a633-c9ac0c155c66] INFO  o.eclipse.m2e.core.internal.Bundles - 	Entry: C:\Users\Wissen\STS\sts-4.27.0.RELEASE\plugins\org.eclipse.m2e.maven.runtime_3.9.900.20240824-1409\jars\maven-shared-utils-3.4.2.jar
2025-02-11 14:22:59,301 [Worker-10: Launching mavenrun-4a04ad0c-4480-4013-a633-c9ac0c155c66] INFO  o.eclipse.m2e.core.internal.Bundles - 	Entry: C:\Users\Wissen\STS\sts-4.27.0.RELEASE\plugins\org.eclipse.m2e.maven.runtime_3.9.900.20240824-1409\jars\org.eclipse.sisu.inject-0.9.0.M3.jar
2025-02-11 14:22:59,302 [Worker-10: Launching mavenrun-4a04ad0c-4480-4013-a633-c9ac0c155c66] INFO  o.eclipse.m2e.core.internal.Bundles - 	Entry: C:\Users\Wissen\STS\sts-4.27.0.RELEASE\plugins\org.eclipse.m2e.maven.runtime_3.9.900.20240824-1409\jars\org.eclipse.sisu.plexus-0.9.0.M3.jar
2025-02-11 14:22:59,302 [Worker-10: Launching mavenrun-4a04ad0c-4480-4013-a633-c9ac0c155c66] INFO  o.eclipse.m2e.core.internal.Bundles - 	Entry: C:\Users\Wissen\STS\sts-4.27.0.RELEASE\plugins\org.eclipse.m2e.maven.runtime_3.9.900.20240824-1409\jars\plexus-build-api-0.0.7.jar
2025-02-11 14:22:59,302 [Worker-10: Launching mavenrun-4a04ad0c-4480-4013-a633-c9ac0c155c66] INFO  o.eclipse.m2e.core.internal.Bundles - 	Entry: C:\Users\Wissen\STS\sts-4.27.0.RELEASE\plugins\org.eclipse.m2e.maven.runtime_3.9.900.20240824-1409\jars\plexus-build-api-1.2.0.jar
2025-02-11 14:22:59,302 [Worker-10: Launching mavenrun-4a04ad0c-4480-4013-a633-c9ac0c155c66] INFO  o.eclipse.m2e.core.internal.Bundles - 	Entry: C:\Users\Wissen\STS\sts-4.27.0.RELEASE\plugins\org.eclipse.m2e.maven.runtime_3.9.900.20240824-1409\jars\plexus-cipher-2.0.jar
2025-02-11 14:22:59,302 [Worker-10: Launching mavenrun-4a04ad0c-4480-4013-a633-c9ac0c155c66] INFO  o.eclipse.m2e.core.internal.Bundles - 	Entry: C:\Users\Wissen\STS\sts-4.27.0.RELEASE\plugins\org.eclipse.m2e.maven.runtime_3.9.900.20240824-1409\jars\plexus-classworlds-2.8.0.jar
2025-02-11 14:22:59,303 [Worker-10: Launching mavenrun-4a04ad0c-4480-4013-a633-c9ac0c155c66] INFO  o.eclipse.m2e.core.internal.Bundles - 	Entry: C:\Users\Wissen\STS\sts-4.27.0.RELEASE\plugins\org.eclipse.m2e.maven.runtime_3.9.900.20240824-1409\jars\plexus-component-annotations-2.1.0.jar
2025-02-11 14:22:59,303 [Worker-10: Launching mavenrun-4a04ad0c-4480-4013-a633-c9ac0c155c66] INFO  o.eclipse.m2e.core.internal.Bundles - 	Entry: C:\Users\Wissen\STS\sts-4.27.0.RELEASE\plugins\org.eclipse.m2e.maven.runtime_3.9.900.20240824-1409\jars\plexus-interpolation-1.27.jar
2025-02-11 14:22:59,303 [Worker-10: Launching mavenrun-4a04ad0c-4480-4013-a633-c9ac0c155c66] INFO  o.eclipse.m2e.core.internal.Bundles - 	Entry: C:\Users\Wissen\STS\sts-4.27.0.RELEASE\plugins\org.eclipse.m2e.maven.runtime_3.9.900.20240824-1409\jars\plexus-sec-dispatcher-2.0.jar
2025-02-11 14:22:59,303 [Worker-10: Launching mavenrun-4a04ad0c-4480-4013-a633-c9ac0c155c66] INFO  o.eclipse.m2e.core.internal.Bundles - 	Entry: C:\Users\Wissen\STS\sts-4.27.0.RELEASE\plugins\org.eclipse.m2e.maven.runtime_3.9.900.20240824-1409\jars\plexus-utils-3.5.1.jar
2025-02-11 14:22:59,303 [Worker-10: Launching mavenrun-4a04ad0c-4480-4013-a633-c9ac0c155c66] INFO  o.eclipse.m2e.core.internal.Bundles - 	Entry: C:\Users\Wissen\STS\sts-4.27.0.RELEASE\plugins\org.eclipse.m2e.maven.runtime_3.9.900.20240824-1409\jars\plexus-xml-3.0.1.jar
2025-02-11 14:22:59,303 [Worker-10: Launching mavenrun-4a04ad0c-4480-4013-a633-c9ac0c155c66] INFO  o.eclipse.m2e.core.internal.Bundles - 	Entry: C:\Users\Wissen\STS\sts-4.27.0.RELEASE\plugins\org.eclipse.m2e.maven.runtime_3.9.900.20240824-1409\jars\wagon-file-3.5.3.jar
2025-02-11 14:22:59,304 [Worker-10: Launching mavenrun-4a04ad0c-4480-4013-a633-c9ac0c155c66] INFO  o.eclipse.m2e.core.internal.Bundles - 	Entry: C:\Users\Wissen\STS\sts-4.27.0.RELEASE\plugins\org.eclipse.m2e.maven.runtime_3.9.900.20240824-1409\jars\wagon-http-3.5.3.jar
2025-02-11 14:22:59,304 [Worker-10: Launching mavenrun-4a04ad0c-4480-4013-a633-c9ac0c155c66] INFO  o.eclipse.m2e.core.internal.Bundles - 	Entry: C:\Users\Wissen\STS\sts-4.27.0.RELEASE\plugins\org.eclipse.m2e.maven.runtime_3.9.900.20240824-1409\jars\wagon-http-shared-3.5.3.jar
2025-02-11 14:22:59,304 [Worker-10: Launching mavenrun-4a04ad0c-4480-4013-a633-c9ac0c155c66] INFO  o.eclipse.m2e.core.internal.Bundles - 	Entry: C:\Users\Wissen\STS\sts-4.27.0.RELEASE\plugins\org.eclipse.m2e.maven.runtime_3.9.900.20240824-1409\jars\wagon-provider-api-3.5.3.jar
2025-02-11 14:22:59,305 [Worker-10: Launching mavenrun-4a04ad0c-4480-4013-a633-c9ac0c155c66] INFO  o.eclipse.m2e.core.internal.Bundles - getClasspathEntries(Bundle=com.google.guava_33.3.1.jre [29])
2025-02-11 14:22:59,308 [Worker-10: Launching mavenrun-4a04ad0c-4480-4013-a633-c9ac0c155c66] INFO  o.eclipse.m2e.core.internal.Bundles - 	Entry: C:\Users\Wissen\STS\sts-4.27.0.RELEASE\plugins\com.google.guava_33.3.1.jre.jar
2025-02-11 14:22:59,308 [Worker-10: Launching mavenrun-4a04ad0c-4480-4013-a633-c9ac0c155c66] INFO  o.eclipse.m2e.core.internal.Bundles - getClasspathEntries(Bundle=slf4j.api_2.0.16 [615])
2025-02-11 14:22:59,308 [Worker-10: Launching mavenrun-4a04ad0c-4480-4013-a633-c9ac0c155c66] INFO  o.eclipse.m2e.core.internal.Bundles - 	Entry: C:\Users\Wissen\STS\sts-4.27.0.RELEASE\plugins\slf4j.api_2.0.16.jar
2025-02-11 14:22:59,308 [Worker-10: Launching mavenrun-4a04ad0c-4480-4013-a633-c9ac0c155c66] INFO  o.eclipse.m2e.core.internal.Bundles - getClasspathEntries(Bundle=jakarta.inject.jakarta.inject-api_1.0.5 [45])
2025-02-11 14:22:59,309 [Worker-10: Launching mavenrun-4a04ad0c-4480-4013-a633-c9ac0c155c66] INFO  o.eclipse.m2e.core.internal.Bundles - 	Entry: C:\Users\Wissen\STS\sts-4.27.0.RELEASE\plugins\jakarta.inject.jakarta.inject-api_1.0.5.jar
2025-02-11 14:22:59,309 [Worker-10: Launching mavenrun-4a04ad0c-4480-4013-a633-c9ac0c155c66] INFO  o.eclipse.m2e.core.internal.Bundles - getClasspathEntries(Bundle=jakarta.annotation-api_1.3.5 [41])
2025-02-11 14:22:59,309 [Worker-10: Launching mavenrun-4a04ad0c-4480-4013-a633-c9ac0c155c66] INFO  o.eclipse.m2e.core.internal.Bundles - 	Entry: C:\Users\Wissen\STS\sts-4.27.0.RELEASE\plugins\jakarta.annotation-api_1.3.5.jar
2025-02-11 14:22:59,309 [Worker-10: Launching mavenrun-4a04ad0c-4480-4013-a633-c9ac0c155c66] INFO  o.eclipse.m2e.core.internal.Bundles - getClasspathEntries(Bundle=org.apache.commons.cli_1.9.0 [78])
2025-02-11 14:22:59,310 [Worker-10: Launching mavenrun-4a04ad0c-4480-4013-a633-c9ac0c155c66] INFO  o.eclipse.m2e.core.internal.Bundles - 	Entry: C:\Users\Wissen\STS\sts-4.27.0.RELEASE\plugins\org.apache.commons.cli_1.9.0.jar
2025-02-11 14:22:59,310 [Worker-10: Launching mavenrun-4a04ad0c-4480-4013-a633-c9ac0c155c66] INFO  o.eclipse.m2e.core.internal.Bundles - getClasspathEntries(Bundle=org.apache.commons.commons-codec_1.16.0 [81])
2025-02-11 14:22:59,310 [Worker-10: Launching mavenrun-4a04ad0c-4480-4013-a633-c9ac0c155c66] INFO  o.eclipse.m2e.core.internal.Bundles - 	Entry: C:\Users\Wissen\STS\sts-4.27.0.RELEASE\plugins\org.apache.commons.commons-codec_1.16.0.jar
2025-02-11 14:22:59,310 [Worker-10: Launching mavenrun-4a04ad0c-4480-4013-a633-c9ac0c155c66] INFO  o.eclipse.m2e.core.internal.Bundles - getClasspathEntries(Bundle=com.google.guava.failureaccess_1.0.2 [30])
2025-02-11 14:22:59,311 [Worker-10: Launching mavenrun-4a04ad0c-4480-4013-a633-c9ac0c155c66] INFO  o.eclipse.m2e.core.internal.Bundles - 	Entry: C:\Users\Wissen\STS\sts-4.27.0.RELEASE\plugins\com.google.guava.failureaccess_1.0.2.jar
2025-02-11 14:22:59,322 [Worker-10: Launching mavenrun-4a04ad0c-4480-4013-a633-c9ac0c155c66] INFO  o.e.m.i.launch.MavenLaunchDelegate - Run build in "C:\Users\Wissen\AppData\Local\Temp\m2e-archetypeGenerator960967637093209661":
2025-02-11 14:22:59,327 [Worker-10: Launching mavenrun-4a04ad0c-4480-4013-a633-c9ac0c155c66] INFO  o.e.m.i.launch.MavenLaunchDelegate -  mvn  -DarchetypeGroupId=org.apache.maven.archetypes -DarchetypeArtifactId=maven-archetype-quickstart -DarchetypeVersion=1.1 -DgroupId=com -DartifactId=demo2 -Dversion=0.0.1-SNAPSHOT -Dpackage=com.demo2 -DoutputDirectory=C:\Users\Wissen\Maven -Dstyle.color=always -U archetype:generate
2025-02-11 14:29:13,227 [Worker-2: Creating project "mvndemo"] INFO  o.e.m.c.i.l.LifecycleMappingFactory - Using org.eclipse.m2e.jdt.JarLifecycleMapping lifecycle mapping for MavenProject: com:mvndemo:0.0.1-SNAPSHOT @ C:\Users\Wissen\Maven\mvndemo\pom.xml.
2025-02-11 14:29:14,570 [Worker-2: Creating project "mvndemo"] INFO  o.e.m.j.i.AbstractJavaProjectConfigurator - Adding source folder /mvndemo/src/main/java
2025-02-11 14:29:14,575 [Worker-2: Creating project "mvndemo"] INFO  o.e.m.j.i.AbstractJavaProjectConfigurator - Adding resource folder /mvndemo/src/main/resources
2025-02-11 14:29:14,577 [Worker-2: Creating project "mvndemo"] INFO  o.e.m.j.i.AbstractJavaProjectConfigurator - Adding source folder /mvndemo/src/test/java
2025-02-11 14:29:14,578 [Worker-2: Creating project "mvndemo"] INFO  o.e.m.j.i.AbstractJavaProjectConfigurator - Adding resource folder /mvndemo/src/test/resources
2025-02-11 14:29:15,463 [Worker-8: Building] WARN  o.a.m.s.f.DefaultMavenResourcesFiltering - Using platform encoding (UTF-8 actually) to copy filtered resources, i.e. build is platform dependent!
2025-02-11 14:29:15,471 [Worker-8: Building] INFO  o.a.m.s.f.DefaultMavenResourcesFiltering - Copying 0 resource from src\main\resources to target\classes
2025-02-11 14:29:15,477 [Worker-8: Building] WARN  o.a.m.s.f.DefaultMavenResourcesFiltering - Using platform encoding (UTF-8 actually) to copy filtered resources, i.e. build is platform dependent!
2025-02-11 14:29:15,479 [Worker-8: Building] INFO  o.a.m.s.f.DefaultMavenResourcesFiltering - Copying 0 resource from src\test\resources to target\test-classes
2025-02-11 14:29:35,455 [Worker-5: Loading available Gradle versions] INFO  o.e.b.c.i.u.g.PublishedGradleVersions - Gradle version information cache is up-to-date. Trying to read.
2025-02-11 14:31:51,241 [Worker-4: Building] INFO  o.e.m.c.i.l.LifecycleMappingFactory - Using org.eclipse.m2e.jdt.JarLifecycleMapping lifecycle mapping for MavenProject: com:mvndemo:0.0.1-SNAPSHOT @ C:\Users\Wissen\Maven\mvndemo\pom.xml.
2025-02-11 14:31:51,625 [Worker-4: Building] INFO  o.e.m.c.i.e.AbstractTransferListenerAdapter - Downloading https://repo.maven.apache.org/maven2/org/springframework/spring-web/6.2.2/spring-web-6.2.2.pom
2025-02-11 14:31:51,664 [Worker-4: Building] INFO  o.e.m.c.i.e.AbstractTransferListenerAdapter - Downloaded https://repo.maven.apache.org/maven2/org/springframework/spring-web/6.2.2/spring-web-6.2.2.pom
2025-02-11 14:31:51,707 [Worker-4: Building] INFO  o.e.m.c.i.e.AbstractTransferListenerAdapter - Downloading https://repo.maven.apache.org/maven2/org/springframework/spring-beans/6.2.2/spring-beans-6.2.2.pom
2025-02-11 14:31:51,737 [Worker-4: Building] INFO  o.e.m.c.i.e.AbstractTransferListenerAdapter - Downloaded https://repo.maven.apache.org/maven2/org/springframework/spring-beans/6.2.2/spring-beans-6.2.2.pom
2025-02-11 14:31:51,767 [Worker-4: Building] INFO  o.e.m.c.i.e.AbstractTransferListenerAdapter - Downloading https://repo.maven.apache.org/maven2/org/springframework/spring-core/6.2.2/spring-core-6.2.2.pom
2025-02-11 14:31:51,795 [Worker-4: Building] INFO  o.e.m.c.i.e.AbstractTransferListenerAdapter - Downloaded https://repo.maven.apache.org/maven2/org/springframework/spring-core/6.2.2/spring-core-6.2.2.pom
2025-02-11 14:31:51,828 [Worker-4: Building] INFO  o.e.m.c.i.e.AbstractTransferListenerAdapter - Downloading https://repo.maven.apache.org/maven2/org/springframework/spring-jcl/6.2.2/spring-jcl-6.2.2.pom
2025-02-11 14:31:51,855 [Worker-4: Building] INFO  o.e.m.c.i.e.AbstractTransferListenerAdapter - Downloaded https://repo.maven.apache.org/maven2/org/springframework/spring-jcl/6.2.2/spring-jcl-6.2.2.pom
2025-02-11 14:31:51,885 [Worker-4: Building] INFO  o.e.m.c.i.e.AbstractTransferListenerAdapter - Downloading https://repo.maven.apache.org/maven2/io/micrometer/micrometer-observation/1.14.3/micrometer-observation-1.14.3.pom
2025-02-11 14:31:51,912 [Worker-4: Building] INFO  o.e.m.c.i.e.AbstractTransferListenerAdapter - Downloaded https://repo.maven.apache.org/maven2/io/micrometer/micrometer-observation/1.14.3/micrometer-observation-1.14.3.pom
2025-02-11 14:31:51,939 [Worker-4: Building] INFO  o.e.m.c.i.e.AbstractTransferListenerAdapter - Downloading https://repo.maven.apache.org/maven2/io/micrometer/micrometer-commons/1.14.3/micrometer-commons-1.14.3.pom
2025-02-11 14:31:51,968 [Worker-4: Building] INFO  o.e.m.c.i.e.AbstractTransferListenerAdapter - Downloaded https://repo.maven.apache.org/maven2/io/micrometer/micrometer-commons/1.14.3/micrometer-commons-1.14.3.pom
2025-02-11 14:31:52,015 [Worker-4: Building] INFO  o.e.m.c.i.e.AbstractTransferListenerAdapter - Downloading https://repo.maven.apache.org/maven2/org/springframework/spring-web/6.2.2/spring-web-6.2.2.jar
2025-02-11 14:31:52,511 [Worker-4: Building] INFO  o.e.m.c.i.e.AbstractTransferListenerAdapter - Downloaded https://repo.maven.apache.org/maven2/org/springframework/spring-web/6.2.2/spring-web-6.2.2.jar
2025-02-11 14:31:52,532 [BasicRepositoryConnector-repo.maven.apache.org-0-0] INFO  o.e.m.c.i.e.AbstractTransferListenerAdapter - Downloading https://repo.maven.apache.org/maven2/org/springframework/spring-beans/6.2.2/spring-beans-6.2.2.jar
2025-02-11 14:31:52,622 [BasicRepositoryConnector-repo.maven.apache.org-0-2] INFO  o.e.m.c.i.e.AbstractTransferListenerAdapter - Downloading https://repo.maven.apache.org/maven2/org/springframework/spring-jcl/6.2.2/spring-jcl-6.2.2.jar
2025-02-11 14:31:52,638 [BasicRepositoryConnector-repo.maven.apache.org-0-3] INFO  o.e.m.c.i.e.AbstractTransferListenerAdapter - Downloading https://repo.maven.apache.org/maven2/io/micrometer/micrometer-observation/1.14.3/micrometer-observation-1.14.3.jar
2025-02-11 14:31:52,639 [BasicRepositoryConnector-repo.maven.apache.org-0-4] INFO  o.e.m.c.i.e.AbstractTransferListenerAdapter - Downloading https://repo.maven.apache.org/maven2/io/micrometer/micrometer-commons/1.14.3/micrometer-commons-1.14.3.jar
2025-02-11 14:31:52,643 [BasicRepositoryConnector-repo.maven.apache.org-0-1] INFO  o.e.m.c.i.e.AbstractTransferListenerAdapter - Downloading https://repo.maven.apache.org/maven2/org/springframework/spring-core/6.2.2/spring-core-6.2.2.jar
2025-02-11 14:31:52,717 [BasicRepositoryConnector-repo.maven.apache.org-0-3] INFO  o.e.m.c.i.e.AbstractTransferListenerAdapter - Downloaded https://repo.maven.apache.org/maven2/io/micrometer/micrometer-observation/1.14.3/micrometer-observation-1.14.3.jar
2025-02-11 14:31:52,764 [BasicRepositoryConnector-repo.maven.apache.org-0-0] INFO  o.e.m.c.i.e.AbstractTransferListenerAdapter - Downloaded https://repo.maven.apache.org/maven2/org/springframework/spring-beans/6.2.2/spring-beans-6.2.2.jar
2025-02-11 14:31:52,927 [BasicRepositoryConnector-repo.maven.apache.org-0-2] INFO  o.e.m.c.i.e.AbstractTransferListenerAdapter - Downloaded https://repo.maven.apache.org/maven2/org/springframework/spring-jcl/6.2.2/spring-jcl-6.2.2.jar
2025-02-11 14:31:53,287 [BasicRepositoryConnector-repo.maven.apache.org-0-1] INFO  o.e.m.c.i.e.AbstractTransferListenerAdapter - Downloaded https://repo.maven.apache.org/maven2/org/springframework/spring-core/6.2.2/spring-core-6.2.2.jar
2025-02-11 14:31:53,351 [BasicRepositoryConnector-repo.maven.apache.org-0-4] INFO  o.e.m.c.i.e.AbstractTransferListenerAdapter - Downloaded https://repo.maven.apache.org/maven2/io/micrometer/micrometer-commons/1.14.3/micrometer-commons-1.14.3.jar
2025-02-11 14:31:53,814 [Worker-4: Building] WARN  o.a.m.s.f.DefaultMavenResourcesFiltering - Using platform encoding (UTF-8 actually) to copy filtered resources, i.e. build is platform dependent!
2025-02-11 14:31:53,818 [Worker-4: Building] INFO  o.a.m.s.f.DefaultMavenResourcesFiltering - Copying 0 resource from src\main\resources to target\classes
2025-02-11 14:31:53,823 [Worker-4: Building] WARN  o.a.m.s.f.DefaultMavenResourcesFiltering - Using platform encoding (UTF-8 actually) to copy filtered resources, i.e. build is platform dependent!
2025-02-11 14:31:53,825 [Worker-4: Building] INFO  o.a.m.s.f.DefaultMavenResourcesFiltering - Copying 0 resource from src\test\resources to target\test-classes
2025-02-11 14:31:54,496 [Worker-5: Download sources and javadoc] INFO  o.e.m.c.i.e.AbstractTransferListenerAdapter - Downloading https://repo.maven.apache.org/maven2/org/springframework/spring-web/6.2.2/spring-web-6.2.2-sources.jar
2025-02-11 14:31:55,043 [Worker-5: Download sources and javadoc] INFO  o.e.m.c.i.e.AbstractTransferListenerAdapter - Downloaded https://repo.maven.apache.org/maven2/org/springframework/spring-web/6.2.2/spring-web-6.2.2-sources.jar
2025-02-11 14:31:55,049 [Worker-5: Download sources and javadoc] INFO  o.e.m.j.internal.DownloadSourcesJob - Downloaded sources for org.springframework:spring-web:6.2.2
2025-02-11 14:31:55,148 [Worker-5: Download sources and javadoc] INFO  o.e.m.c.i.e.AbstractTransferListenerAdapter - Downloading https://repo.maven.apache.org/maven2/org/springframework/spring-beans/6.2.2/spring-beans-6.2.2-sources.jar
2025-02-11 14:31:55,279 [Worker-1: Building] WARN  o.a.m.s.f.DefaultMavenResourcesFiltering - Using platform encoding (UTF-8 actually) to copy filtered resources, i.e. build is platform dependent!
2025-02-11 14:31:55,280 [Worker-1: Building] INFO  o.a.m.s.f.DefaultMavenResourcesFiltering - Copying 0 resource from src\main\resources to target\classes
2025-02-11 14:31:55,283 [Worker-1: Building] WARN  o.a.m.s.f.DefaultMavenResourcesFiltering - Using platform encoding (UTF-8 actually) to copy filtered resources, i.e. build is platform dependent!
2025-02-11 14:31:55,286 [Worker-1: Building] INFO  o.a.m.s.f.DefaultMavenResourcesFiltering - Copying 0 resource from src\test\resources to target\test-classes
2025-02-11 14:31:55,468 [Worker-5: Download sources and javadoc] INFO  o.e.m.c.i.e.AbstractTransferListenerAdapter - Downloaded https://repo.maven.apache.org/maven2/org/springframework/spring-beans/6.2.2/spring-beans-6.2.2-sources.jar
2025-02-11 14:31:55,476 [Worker-5: Download sources and javadoc] INFO  o.e.m.j.internal.DownloadSourcesJob - Downloaded sources for org.springframework:spring-beans:6.2.2
2025-02-11 14:31:55,548 [Worker-5: Download sources and javadoc] INFO  o.e.m.c.i.e.AbstractTransferListenerAdapter - Downloading https://repo.maven.apache.org/maven2/org/springframework/spring-core/6.2.2/spring-core-6.2.2-sources.jar
2025-02-11 14:31:56,110 [Worker-5: Download sources and javadoc] INFO  o.e.m.c.i.e.AbstractTransferListenerAdapter - Downloaded https://repo.maven.apache.org/maven2/org/springframework/spring-core/6.2.2/spring-core-6.2.2-sources.jar
2025-02-11 14:31:56,114 [Worker-5: Download sources and javadoc] INFO  o.e.m.j.internal.DownloadSourcesJob - Downloaded sources for org.springframework:spring-core:6.2.2
2025-02-11 14:31:56,198 [Worker-5: Download sources and javadoc] INFO  o.e.m.c.i.e.AbstractTransferListenerAdapter - Downloading https://repo.maven.apache.org/maven2/org/springframework/spring-jcl/6.2.2/spring-jcl-6.2.2-sources.jar
2025-02-11 14:31:56,399 [Worker-5: Download sources and javadoc] INFO  o.e.m.c.i.e.AbstractTransferListenerAdapter - Downloaded https://repo.maven.apache.org/maven2/org/springframework/spring-jcl/6.2.2/spring-jcl-6.2.2-sources.jar
2025-02-11 14:31:56,405 [Worker-5: Download sources and javadoc] INFO  o.e.m.j.internal.DownloadSourcesJob - Downloaded sources for org.springframework:spring-jcl:6.2.2
2025-02-11 14:31:56,492 [Worker-5: Download sources and javadoc] INFO  o.e.m.c.i.e.AbstractTransferListenerAdapter - Downloading https://repo.maven.apache.org/maven2/io/micrometer/micrometer-observation/1.14.3/micrometer-observation-1.14.3-sources.jar
2025-02-11 14:31:56,565 [Worker-5: Download sources and javadoc] INFO  o.e.m.c.i.e.AbstractTransferListenerAdapter - Downloaded https://repo.maven.apache.org/maven2/io/micrometer/micrometer-observation/1.14.3/micrometer-observation-1.14.3-sources.jar
2025-02-11 14:31:56,570 [Worker-5: Download sources and javadoc] INFO  o.e.m.j.internal.DownloadSourcesJob - Downloaded sources for io.micrometer:micrometer-observation:1.14.3
2025-02-11 14:31:56,664 [Worker-5: Download sources and javadoc] INFO  o.e.m.c.i.e.AbstractTransferListenerAdapter - Downloading https://repo.maven.apache.org/maven2/io/micrometer/micrometer-commons/1.14.3/micrometer-commons-1.14.3-sources.jar
2025-02-11 14:31:57,391 [Worker-5: Download sources and javadoc] INFO  o.e.m.c.i.e.AbstractTransferListenerAdapter - Downloaded https://repo.maven.apache.org/maven2/io/micrometer/micrometer-commons/1.14.3/micrometer-commons-1.14.3-sources.jar
2025-02-11 14:31:57,396 [Worker-5: Download sources and javadoc] INFO  o.e.m.j.internal.DownloadSourcesJob - Downloaded sources for io.micrometer:micrometer-commons:1.14.3
2025-02-11 14:48:07,265 [Worker-11: Building] INFO  o.e.m.c.i.l.LifecycleMappingFactory - Using org.eclipse.m2e.jdt.JarLifecycleMapping lifecycle mapping for MavenProject: com:mvndemo:0.0.1-SNAPSHOT @ C:\Users\Wissen\Maven\mvndemo\pom.xml.
2025-02-11 14:48:07,431 [Worker-11: Building] WARN  o.a.m.s.f.DefaultMavenResourcesFiltering - Using platform encoding (UTF-8 actually) to copy filtered resources, i.e. build is platform dependent!
2025-02-11 14:48:07,433 [Worker-11: Building] INFO  o.a.m.s.f.DefaultMavenResourcesFiltering - Copying 0 resource from src\main\resources to target\classes
2025-02-11 14:48:07,438 [Worker-11: Building] WARN  o.a.m.s.f.DefaultMavenResourcesFiltering - Using platform encoding (UTF-8 actually) to copy filtered resources, i.e. build is platform dependent!
2025-02-11 14:48:07,439 [Worker-11: Building] INFO  o.a.m.s.f.DefaultMavenResourcesFiltering - Copying 0 resource from src\test\resources to target\test-classes
2025-02-11 14:48:08,811 [Worker-14: Building] WARN  o.a.m.s.f.DefaultMavenResourcesFiltering - Using platform encoding (UTF-8 actually) to copy filtered resources, i.e. build is platform dependent!
2025-02-11 14:48:08,812 [Worker-14: Building] INFO  o.a.m.s.f.DefaultMavenResourcesFiltering - Copying 0 resource from src\main\resources to target\classes
2025-02-11 14:48:08,814 [Worker-14: Building] WARN  o.a.m.s.f.DefaultMavenResourcesFiltering - Using platform encoding (UTF-8 actually) to copy filtered resources, i.e. build is platform dependent!
2025-02-11 14:48:08,815 [Worker-14: Building] INFO  o.a.m.s.f.DefaultMavenResourcesFiltering - Copying 0 resource from src\test\resources to target\test-classes
2025-02-11 14:49:13,688 [Worker-13: Building] INFO  o.e.m.c.i.l.LifecycleMappingFactory - Using org.eclipse.m2e.jdt.JarLifecycleMapping lifecycle mapping for MavenProject: com:mvndemo:0.0.1-SNAPSHOT @ C:\Users\Wissen\Maven\mvndemo\pom.xml.
2025-02-11 14:49:13,816 [Worker-13: Building] WARN  o.a.m.s.f.DefaultMavenResourcesFiltering - Using platform encoding (UTF-8 actually) to copy filtered resources, i.e. build is platform dependent!
2025-02-11 14:49:13,820 [Worker-13: Building] INFO  o.a.m.s.f.DefaultMavenResourcesFiltering - Copying 0 resource from src\main\resources to target\classes
2025-02-11 14:49:13,824 [Worker-13: Building] WARN  o.a.m.s.f.DefaultMavenResourcesFiltering - Using platform encoding (UTF-8 actually) to copy filtered resources, i.e. build is platform dependent!
2025-02-11 14:49:13,826 [Worker-13: Building] INFO  o.a.m.s.f.DefaultMavenResourcesFiltering - Copying 0 resource from src\test\resources to target\test-classes
2025-02-11 14:49:15,134 [Worker-13: Building] WARN  o.a.m.s.f.DefaultMavenResourcesFiltering - Using platform encoding (UTF-8 actually) to copy filtered resources, i.e. build is platform dependent!
2025-02-11 14:49:15,135 [Worker-13: Building] INFO  o.a.m.s.f.DefaultMavenResourcesFiltering - Copying 0 resource from src\main\resources to target\classes
2025-02-11 14:49:15,138 [Worker-13: Building] WARN  o.a.m.s.f.DefaultMavenResourcesFiltering - Using platform encoding (UTF-8 actually) to copy filtered resources, i.e. build is platform dependent!
2025-02-11 14:49:15,138 [Worker-13: Building] INFO  o.a.m.s.f.DefaultMavenResourcesFiltering - Copying 0 resource from src\test\resources to target\test-classes
2025-02-11 15:40:38,475 [Worker-17: Building] INFO  o.e.m.c.i.l.LifecycleMappingFactory - Using org.eclipse.m2e.jdt.JarLifecycleMapping lifecycle mapping for MavenProject: com:mvndemo:0.0.1-SNAPSHOT @ C:\Users\Wissen\Maven\mvndemo\pom.xml.
2025-02-11 15:40:38,693 [Worker-17: Building] WARN  o.a.m.s.f.DefaultMavenResourcesFiltering - Using platform encoding (UTF-8 actually) to copy filtered resources, i.e. build is platform dependent!
2025-02-11 15:40:38,697 [Worker-17: Building] INFO  o.a.m.s.f.DefaultMavenResourcesFiltering - Copying 0 resource from src\main\resources to target\classes
2025-02-11 15:40:38,702 [Worker-17: Building] WARN  o.a.m.s.f.DefaultMavenResourcesFiltering - Using platform encoding (UTF-8 actually) to copy filtered resources, i.e. build is platform dependent!
2025-02-11 15:40:38,703 [Worker-17: Building] INFO  o.a.m.s.f.DefaultMavenResourcesFiltering - Copying 0 resource from src\test\resources to target\test-classes
2025-02-12 10:46:55,181 [Worker-3: Loading available Gradle versions] INFO  o.e.b.c.i.u.g.PublishedGradleVersions - Gradle version information cache is up-to-date. Trying to read.
